This is e-TeX, Version 3.141592-2.1 (MiKTeX 2.4) (preloaded format=latex 2011.3.17)  7 OCT 2016 11:35
entering extended mode
**list_bigtick.tex
(list_bigtick.tex
LaTeX2e <2001/06/01>
Babel <v3.7m> and hyphenation patterns for english, french, german, ngerman, du
mylang, nohyphenation, loaded.
(C:\texmf\tex\latex\base\article.cls
Document Class: article 2001/04/21 v1.4e Standard LaTeX document class
(C:\texmf\tex\latex\base\size10.clo
File: size10.clo 2001/04/21 v1.4e Standard LaTeX file (size option)
)
\c@part=\count79
\c@section=\count80
\c@subsection=\count81
\c@subsubsection=\count82
\c@paragraph=\count83
\c@subparagraph=\count84
\c@figure=\count85
\c@table=\count86
\abovecaptionskip=\skip41
\belowcaptionskip=\skip42
\bibindent=\dimen102
) (C:\texmf\tex\latex\amsmath\amsmath.sty
Package: amsmath 2000/07/18 v2.13 AMS math features
\@mathmargin=\skip43

For additional information on amsmath, use the `?' option.
(C:\texmf\tex\latex\amsmath\amstext.sty
Package: amstext 2000/06/29 v2.01
 (C:\texmf\tex\latex\amsmath\amsgen.sty
File: amsgen.sty 1999/11/30 v2.0
\@emptytoks=\toks14
\ex@=\dimen103
)) (C:\texmf\tex\latex\amsmath\amsbsy.sty
Package: amsbsy 1999/11/29 v1.2d
\pmbraise@=\dimen104
)
(C:\texmf\tex\latex\amsmath\amsopn.sty
Package: amsopn 1999/12/14 v2.01 operator names
)
\inf@bad=\count87
LaTeX Info: Redefining \frac on input line 211.
\uproot@=\count88
\leftroot@=\count89
LaTeX Info: Redefining \overline on input line 307.
\classnum@=\count90
\DOTSCASE@=\count91
LaTeX Info: Redefining \ldots on input line 379.
LaTeX Info: Redefining \dots on input line 382.
LaTeX Info: Redefining \cdots on input line 467.
\Mathstrutbox@=\box26
\strutbox@=\box27
\big@size=\dimen105
LaTeX Font Info:    Redeclaring font encoding OML on input line 567.
LaTeX Font Info:    Redeclaring font encoding OMS on input line 568.
\macc@depth=\count92
\c@MaxMatrixCols=\count93
\dotsspace@=\muskip10
\c@parentequation=\count94
\dspbrk@lvl=\count95
\tag@help=\toks15
\row@=\count96
\column@=\count97
\maxfields@=\count98
\andhelp@=\toks16
\eqnshift@=\dimen106
\alignsep@=\dimen107
\tagshift@=\dimen108
\tagwidth@=\dimen109
\totwidth@=\dimen110
\lineht@=\dimen111
\@envbody=\toks17
\multlinegap=\skip44
\multlinetaggap=\skip45
\mathdisplay@stack=\toks18
LaTeX Info: Redefining \[ on input line 2666.
LaTeX Info: Redefining \] on input line 2667.
)
(C:\texmf\tex\latex\amsfonts\amssymb.sty
Package: amssymb 2002/01/22 v2.2d

(C:\texmf\tex\latex\amsfonts\amsfonts.sty
Package: amsfonts 2001/10/25 v2.2f
\symAMSa=\mathgroup4
\symAMSb=\mathgroup5
LaTeX Font Info:    Overwriting math alphabet `\mathfrak' in version `bold'
(Font)                  U/euf/m/n --> U/euf/b/n on input line 132.
))
(C:\texmf\tex\latex\base\inputenc.sty
Package: inputenc 2001/07/10 v0.99a Input encoding file 
 (C:\texmf\tex\latex\cyrillic\cp1251.def
File: cp1251.def 1999/11/16 v1.0d Input encoding file
)) (C:\texmf\tex\generic\babel\babel.sty
Package: babel 2003/11/16 v3.7m The Babel package
 (C:\texmf\tex\generic\babel\russianb.ldf
Language: russianb 2003/10/12 v1.1o Russian support from the babel system
(C:\texmf\tex\generic\babel\babel.def
File: babel.def 2003/11/16 v3.7m Babel common definitions
\babel@savecnt=\count99
\U@D=\dimen112
)

Package babel Warning: No hyphenation patterns were loaded for
(babel)                the language `Russian'
(babel)                I will use the patterns loaded for \language=0 instead.

\l@russian = a dialect from \language0
(C:\texmf\tex\latex\cyrillic\t2aenc.def
File: t2aenc.def 2001/08/11 v1.0f Cyrillic encoding definition file
)
Package babel Info: Making " an active character on input line 180.
)) (macro_list_bigtick.tex
\c@colsnumber=\count100

(macro_list_multinput.tex
\c@maxtick=\count101
\c@tick=\count102
\c@task=\count103
\c@var=\count104
\numskip=\skip46
) (C:\texmf\tex\latex\tools\multicol.sty
Package: multicol 2000/07/10 v1.5z multicolumn formatting (FMi)
\c@tracingmulticols=\count105
\mult@box=\box28
\multicol@leftmargin=\dimen113
\c@unbalance=\count106
\c@collectmore=\count107
\doublecol@number=\count108
\multicoltolerance=\count109
\multicolpretolerance=\count110
\full@width=\dimen114
\page@free=\dimen115
\premulticols=\dimen116
\postmulticols=\dimen117
\multicolsep=\skip47
\multicolbaselineskip=\skip48
\partial@page=\box29
\last@line=\box30
\mult@rightbox=\box31
\mult@grightbox=\box32
\mult@gfirstbox=\box33
\mult@firstbox=\box34
\@tempa=\box35
\@tempa=\box36
\@tempa=\box37
\@tempa=\box38
\@tempa=\box39
\@tempa=\box40
\@tempa=\box41
\@tempa=\box42
\@tempa=\box43
\@tempa=\box44
\@tempa=\box45
\@tempa=\box46
\@tempa=\box47
\@tempa=\box48
\@tempa=\box49
\@tempa=\box50
\@tempa=\box51
\c@columnbadness=\count111
\c@finalcolumnbadness=\count112
\last@try=\dimen118
\multicolovershoot=\dimen119
\multicolundershoot=\dimen120
\mult@nat@firstbox=\box52
\colbreak@box=\box53
))
(list_bigtick.aux
LaTeX Font Info:    Try loading font information for T2A+cmr on input line 3.
 (C:\texmf\tex\latex\cyrillic\t2acmr.fd
File: t2acmr.fd 2001/08/11 v1.0a Computer Modern Cyrillic font definitions
))
LaTeX Font Info:    Checking defaults for OML/cmm/m/it on input line 32.
LaTeX Font Info:    ... okay on input line 32.
LaTeX Font Info:    Checking defaults for T1/cmr/m/n on input line 32.
LaTeX Font Info:    ... okay on input line 32.
LaTeX Font Info:    Checking defaults for OT1/cmr/m/n on input line 32.
LaTeX Font Info:    ... okay on input line 32.
LaTeX Font Info:    Checking defaults for OMS/cmsy/m/n on input line 32.
LaTeX Font Info:    ... okay on input line 32.
LaTeX Font Info:    Checking defaults for OMX/cmex/m/n on input line 32.
LaTeX Font Info:    ... okay on input line 32.
LaTeX Font Info:    Checking defaults for U/cmr/m/n on input line 32.
LaTeX Font Info:    ... okay on input line 32.
LaTeX Font Info:    Checking defaults for T2A/cmr/m/n on input line 32.
LaTeX Font Info:    ... okay on input line 32.
LaTeX Font Info:    Try loading font information for T2A+cmss on input line 35.


(C:\texmf\tex\latex\cyrillic\t2acmss.fd
File: t2acmss.fd 2001/08/11 v1.0a Computer Modern Cyrillic font definitions
)
LaTeX Font Info:    Try loading font information for U+msa on input line 35.
 (C:\texmf\tex\latex\amsfonts\umsa.fd
File: umsa.fd 2002/01/19 v2.2g AMS font definitions
)
LaTeX Font Info:    Try loading font information for U+msb on input line 35.

(C:\texmf\tex\latex\amsfonts\umsb.fd
File: umsb.fd 2002/01/19 v2.2g AMS font definitions
) (base.te
Overfull \hbox (13.67786pt too wide) in paragraph at lines 16--16
[][][]\T2A/cmr/m/n/10 Составить уравнение геометрического
 []

) (base.te
Overfull \hbox (13.67786pt too wide) in paragraph at lines 26--26
[][][]\T2A/cmr/m/n/10 Составить уравнение геометрического
 []

) (base.te
Overfull \hbox (13.67786pt too wide) in paragraph at lines 36--36
[][][]\T2A/cmr/m/n/10 Составить уравнение геометрического
 []

) (base.te
Overfull \hbox (13.67786pt too wide) in paragraph at lines 46--46
[][][]\T2A/cmr/m/n/10 Составить уравнение геометрического
 []

) (base.te
Overfull \hbox (13.67786pt too wide) in paragraph at lines 56--56
[][][]\T2A/cmr/m/n/10 Составить уравнение геометрического
 []

) (base.te
Overfull \hbox (13.67786pt too wide) in paragraph at lines 66--66
[][][]\T2A/cmr/m/n/10 Составить уравнение геометрического
 []

) (base.te
Overfull \hbox (13.67786pt too wide) in paragraph at lines 76--76
[][][]\T2A/cmr/m/n/10 Составить уравнение геометрического
 []

) [1

] (base.te
Overfull \hbox (13.67786pt too wide) in paragraph at lines 86--86
[][][]\T2A/cmr/m/n/10 Составить уравнение геометрического
 []

) (base.te
Overfull \hbox (13.67786pt too wide) in paragraph at lines 96--96
[][][]\T2A/cmr/m/n/10 Составить уравнение геометрического
 []

) (base.te
Overfull \hbox (13.67786pt too wide) in paragraph at lines 106--106
[][][]\T2A/cmr/m/n/10 Составить уравнение геометрического
 []

) (base.te
Overfull \hbox (13.67786pt too wide) in paragraph at lines 116--116
[][][]\T2A/cmr/m/n/10 Составить уравнение геометрического
 []

) (base.te)
Overfull \vbox (37.89697pt too high) detected at line 35
 []


Overfull \vbox (36.89697pt too high) detected at line 35
 []

(base.te)
Overfull \vbox (44.62395pt too high) detected at line 35
 []


Overfull \vbox (43.62395pt too high) detected at line 35
 []


Overfull \vbox (42.62395pt too high) detected at line 35
 []


Overfull \vbox (41.62395pt too high) detected at line 35
 []


Overfull \vbox (40.62395pt too high) detected at line 35
 []


Overfull \vbox (39.62395pt too high) detected at line 35
 []


Overfull \vbox (38.62395pt too high) detected at line 35
 []


Overfull \vbox (37.62395pt too high) detected at line 35
 []


Overfull \vbox (36.62395pt too high) detected at line 35
 []

[2] (base.te)
Overfull \vbox (38.73032pt too high) detected at line 35
 []


Overfull \vbox (37.73032pt too high) detected at line 35
 []


Overfull \vbox (36.73032pt too high) detected at line 35
 []

(base.te)
Overfull \vbox (39.74658pt too high) detected at line 35
 []


Overfull \vbox (38.74658pt too high) detected at line 35
 []


Overfull \vbox (37.74658pt too high) detected at line 35
 []


Overfull \vbox (36.74658pt too high) detected at line 35
 []

(base.te)
Overfull \vbox (38.73032pt too high) detected at line 35
 []


Overfull \vbox (37.73032pt too high) detected at line 35
 []


Overfull \vbox (36.73032pt too high) detected at line 35
 []

(base.te)
Overfull \vbox (44.62395pt too high) detected at line 35
 []


Overfull \vbox (43.62395pt too high) detected at line 35
 []


Overfull \vbox (42.62395pt too high) detected at line 35
 []


Overfull \vbox (41.62395pt too high) detected at line 35
 []


Overfull \vbox (40.62395pt too high) detected at line 35
 []


Overfull \vbox (39.62395pt too high) detected at line 35
 []


Overfull \vbox (38.62395pt too high) detected at line 35
 []


Overfull \vbox (37.62395pt too high) detected at line 35
 []


Overfull \vbox (36.62395pt too high) detected at line 35
 []

(base.te)
Overfull \vbox (44.62395pt too high) detected at line 35
 []


Overfull \vbox (43.62395pt too high) detected at line 35
 []


Overfull \vbox (42.62395pt too high) detected at line 35
 []


Overfull \vbox (41.62395pt too high) detected at line 35
 []


Overfull \vbox (40.62395pt too high) detected at line 35
 []


Overfull \vbox (39.62395pt too high) detected at line 35
 []


Overfull \vbox (38.62395pt too high) detected at line 35
 []


Overfull \vbox (37.62395pt too high) detected at line 35
 []


Overfull \vbox (36.62395pt too high) detected at line 35
 []

(base.te)
Overfull \vbox (38.73032pt too high) detected at line 35
 []


Overfull \vbox (37.73032pt too high) detected at line 35
 []


Overfull \vbox (36.73032pt too high) detected at line 35
 []

[3] (base.te)
Overfull \vbox (42.48506pt too high) detected at line 35
 []


Overfull \vbox (41.48506pt too high) detected at line 35
 []


Overfull \vbox (40.48506pt too high) detected at line 35
 []


Overfull \vbox (39.48506pt too high) detected at line 35
 []


Overfull \vbox (38.48506pt too high) detected at line 35
 []


Overfull \vbox (37.48506pt too high) detected at line 35
 []


Overfull \vbox (36.48506pt too high) detected at line 35
 []

(base.te)
Overfull \vbox (44.62395pt too high) detected at line 35
 []


Overfull \vbox (43.62395pt too high) detected at line 35
 []


Overfull \vbox (42.62395pt too high) detected at line 35
 []


Overfull \vbox (41.62395pt too high) detected at line 35
 []


Overfull \vbox (40.62395pt too high) detected at line 35
 []


Overfull \vbox (39.62395pt too high) detected at line 35
 []


Overfull \vbox (38.62395pt too high) detected at line 35
 []


Overfull \vbox (37.62395pt too high) detected at line 35
 []


Overfull \vbox (36.62395pt too high) detected at line 35
 []

(base.te)
Overfull \vbox (44.62395pt too high) detected at line 35
 []


Overfull \vbox (43.62395pt too high) detected at line 35
 []


Overfull \vbox (42.62395pt too high) detected at line 35
 []


Overfull \vbox (41.62395pt too high) detected at line 35
 []


Overfull \vbox (40.62395pt too high) detected at line 35
 []


Overfull \vbox (39.62395pt too high) detected at line 35
 []


Overfull \vbox (38.62395pt too high) detected at line 35
 []


Overfull \vbox (37.62395pt too high) detected at line 35
 []


Overfull \vbox (36.62395pt too high) detected at line 35
 []

(base.te)
Overfull \vbox (44.62395pt too high) detected at line 35
 []


Overfull \vbox (43.62395pt too high) detected at line 35
 []


Overfull \vbox (42.62395pt too high) detected at line 35
 []


Overfull \vbox (41.62395pt too high) detected at line 35
 []


Overfull \vbox (40.62395pt too high) detected at line 35
 []


Overfull \vbox (39.62395pt too high) detected at line 35
 []


Overfull \vbox (38.62395pt too high) detected at line 35
 []


Overfull \vbox (37.62395pt too high) detected at line 35
 []


Overfull \vbox (36.62395pt too high) detected at line 35
 []

(base.te)
Overfull \vbox (37.89697pt too high) detected at line 35
 []


Overfull \vbox (36.89697pt too high) detected at line 35
 []

(base.te)
Overfull \vbox (44.62395pt too high) detected at line 35
 []


Overfull \vbox (43.62395pt too high) detected at line 35
 []


Overfull \vbox (42.62395pt too high) detected at line 35
 []


Overfull \vbox (41.62395pt too high) detected at line 35
 []


Overfull \vbox (40.62395pt too high) detected at line 35
 []


Overfull \vbox (39.62395pt too high) detected at line 35
 []


Overfull \vbox (38.62395pt too high) detected at line 35
 []


Overfull \vbox (37.62395pt too high) detected at line 35
 []


Overfull \vbox (36.62395pt too high) detected at line 35
 []

[4] [5] (list_bigtick.aux) ) 
Here is how much of TeX's memory you used:
 2208 strings out of 95933
 22777 string characters out of 1195657
 82030 words of memory out of 1073806
 5026 multiletter control sequences out of 35000
 14136 words of font info for 41 fonts, out of 500000 for 1000
 14 hyphenation exceptions out of 607
 39i,10n,41p,228b,266s stack positions out of 1500i,500n,5000p,200000b,32768s

Output written on list_bigtick.dvi (5 pages, 53672 bytes).
